<?xml version="1.0" encoding="UTF-8"?>
<robot generator="Robot 6.0.2 (Python 3.11.2 on win32)" generated="20230306 18:32:19.982" rpa="false" schemaversion="3">
<suite id="s1" name="Chronos" source="f:\Robot_sem_complicacao\code robot\chronos.robot">
<test id="s1-t1" name="ChronosTest" line="23">
<kw name="Adicionar item carrinho de compra">
<kw name="Open Browser" library="SeleniumLibrary">
<arg>${url}</arg>
<arg>${navegador}</arg>
<doc>Opens a new browser instance to the optional ``url``.</doc>
<msg timestamp="20230306 18:32:20.131" level="INFO">Opening browser 'chrome' to base url 'https://www.demoblaze.com/'.</msg>
<status status="PASS" starttime="20230306 18:32:20.131" endtime="20230306 18:32:22.523"/>
</kw>
<kw name="Maximize Browser Window" library="SeleniumLibrary">
<doc>Maximizes current browser window.</doc>
<status status="PASS" starttime="20230306 18:32:22.523" endtime="20230306 18:32:22.642"/>
</kw>
<kw name="Click Link" library="SeleniumLibrary">
<arg>Laptops</arg>
<doc>Clicks a link identified by ``locator``.</doc>
<msg timestamp="20230306 18:32:22.643" level="INFO">Clicking link 'Laptops'.</msg>
<status status="PASS" starttime="20230306 18:32:22.642" endtime="20230306 18:32:22.674"/>
</kw>
<kw name="Wait Until Element Is Visible" library="SeleniumLibrary">
<arg>link=MacBook Pro</arg>
<doc>Waits until the element ``locator`` is visible.</doc>
<status status="PASS" starttime="20230306 18:32:22.675" endtime="20230306 18:32:23.534"/>
</kw>
<kw name="Click Link" library="SeleniumLibrary">
<arg>MacBook Pro</arg>
<doc>Clicks a link identified by ``locator``.</doc>
<msg timestamp="20230306 18:32:23.534" level="INFO">Clicking link 'MacBook Pro'.</msg>
<status status="PASS" starttime="20230306 18:32:23.534" endtime="20230306 18:32:23.999"/>
</kw>
<kw name="Wait Until Element Is Visible" library="SeleniumLibrary">
<arg>xpath=//div[2]//a</arg>
<doc>Waits until the element ``locator`` is visible.</doc>
<status status="PASS" starttime="20230306 18:32:23.999" endtime="20230306 18:32:24.432"/>
</kw>
<kw name="Click Element" library="SeleniumLibrary">
<arg>xpath=//div[2]//a</arg>
<doc>Click the element identified by ``locator``.</doc>
<msg timestamp="20230306 18:32:24.432" level="INFO">Clicking element 'xpath=//div[2]//a'.</msg>
<status status="PASS" starttime="20230306 18:32:24.432" endtime="20230306 18:32:24.456"/>
</kw>
<kw name="Alert Should Be Present" library="SeleniumLibrary">
<doc>Verifies that an alert is present and by default, accepts it.</doc>
<msg timestamp="20230306 18:32:24.457" level="INFO">HANDLE::&lt;class 'NoneType'&gt;::None</msg>
<status status="PASS" starttime="20230306 18:32:24.457" endtime="20230306 18:32:24.961"/>
</kw>
<status status="PASS" starttime="20230306 18:32:20.130" endtime="20230306 18:32:24.961"/>
</kw>
<kw name="Click Link" library="SeleniumLibrary">
<arg>Cart</arg>
<doc>Clicks a link identified by ``locator``.</doc>
<msg timestamp="20230306 18:32:24.962" level="INFO">Clicking link 'Cart'.</msg>
<status status="PASS" starttime="20230306 18:32:24.962" endtime="20230306 18:32:25.607"/>
</kw>
<kw name="Click Button" library="SeleniumLibrary">
<arg>css=.btn-success</arg>
<doc>Clicks the button identified by ``locator``.</doc>
<msg timestamp="20230306 18:32:25.608" level="INFO">Clicking button 'css=.btn-success'.</msg>
<status status="PASS" starttime="20230306 18:32:25.607" endtime="20230306 18:32:25.655"/>
</kw>
<kw name="Wait Until Element Is Visible" library="SeleniumLibrary">
<arg>id=name</arg>
<doc>Waits until the element ``locator`` is visible.</doc>
<status status="PASS" starttime="20230306 18:32:25.656" endtime="20230306 18:32:25.876"/>
</kw>
<kw name="Input Text" library="SeleniumLibrary">
<arg>id=name</arg>
<arg>Jonathan</arg>
<doc>Types the given ``text`` into the text field identified by ``locator``.</doc>
<msg timestamp="20230306 18:32:25.877" level="INFO">Typing text 'Jonathan' into text field 'id=name'.</msg>
<status status="PASS" starttime="20230306 18:32:25.877" endtime="20230306 18:32:25.927"/>
</kw>
<kw name="Input Text" library="SeleniumLibrary">
<arg>id=country</arg>
<arg>Brasil</arg>
<doc>Types the given ``text`` into the text field identified by ``locator``.</doc>
<msg timestamp="20230306 18:32:25.928" level="INFO">Typing text 'Brasil' into text field 'id=country'.</msg>
<status status="PASS" starttime="20230306 18:32:25.927" endtime="20230306 18:32:25.979"/>
</kw>
<kw name="Input Text" library="SeleniumLibrary">
<arg>id=city</arg>
<arg>AguasLindas</arg>
<doc>Types the given ``text`` into the text field identified by ``locator``.</doc>
<msg timestamp="20230306 18:32:25.980" level="INFO">Typing text 'AguasLindas' into text field 'id=city'.</msg>
<status status="PASS" starttime="20230306 18:32:25.980" endtime="20230306 18:32:26.027"/>
</kw>
<kw name="Input Text" library="SeleniumLibrary">
<arg>id=card</arg>
<arg>12345678910</arg>
<doc>Types the given ``text`` into the text field identified by ``locator``.</doc>
<msg timestamp="20230306 18:32:26.028" level="INFO">Typing text '12345678910' into text field 'id=card'.</msg>
<status status="PASS" starttime="20230306 18:32:26.028" endtime="20230306 18:32:26.075"/>
</kw>
<kw name="Input Text" library="SeleniumLibrary">
<arg>id=month</arg>
<arg>07</arg>
<doc>Types the given ``text`` into the text field identified by ``locator``.</doc>
<msg timestamp="20230306 18:32:26.076" level="INFO">Typing text '07' into text field 'id=month'.</msg>
<status status="PASS" starttime="20230306 18:32:26.075" endtime="20230306 18:32:26.116"/>
</kw>
<kw name="Input Text" library="SeleniumLibrary">
<arg>id=year</arg>
<arg>2031</arg>
<doc>Types the given ``text`` into the text field identified by ``locator``.</doc>
<msg timestamp="20230306 18:32:26.117" level="INFO">Typing text '2031' into text field 'id=year'.</msg>
<status status="PASS" starttime="20230306 18:32:26.117" endtime="20230306 18:32:26.160"/>
</kw>
<kw name="Click Button" library="SeleniumLibrary">
<arg>xpath=//button[text()='Purchase']</arg>
<doc>Clicks the button identified by ``locator``.</doc>
<msg timestamp="20230306 18:32:26.161" level="INFO">Clicking button 'xpath=//button[text()='Purchase']'.</msg>
<status status="PASS" starttime="20230306 18:32:26.161" endtime="20230306 18:32:26.197"/>
</kw>
<kw name="Element Text Should Be" library="SeleniumLibrary">
<arg>css=.showSweetAlert &gt; h2</arg>
<arg>Thank you for your purchase!</arg>
<doc>Verifies that element ``locator`` contains exact the text ``expected``.</doc>
<msg timestamp="20230306 18:32:26.198" level="INFO">Verifying element 'css=.showSweetAlert &gt; h2' contains exact text 'Thank you for your purchase!'.</msg>
<status status="PASS" starttime="20230306 18:32:26.198" endtime="20230306 18:32:26.213"/>
</kw>
<kw name="Click Button" library="SeleniumLibrary">
<arg>css=.confirm</arg>
<doc>Clicks the button identified by ``locator``.</doc>
<msg timestamp="20230306 18:32:26.214" level="INFO">Clicking button 'css=.confirm'.</msg>
<status status="PASS" starttime="20230306 18:32:26.213" endtime="20230306 18:32:26.248"/>
</kw>
<status status="PASS" starttime="20230306 18:32:20.130" endtime="20230306 18:32:26.248"/>
</test>
<doc>Robot Framework Sem Complicação</doc>
<status status="PASS" starttime="20230306 18:32:19.985" endtime="20230306 18:32:26.249"/>
</suite>
<statistics>
<total>
<stat pass="1" fail="0" skip="0">All Tests</stat>
</total>
<tag>
</tag>
<suite>
<stat pass="1" fail="0" skip="0" id="s1" name="Chronos">Chronos</stat>
</suite>
</statistics>
<errors>
</errors>
</robot>
