<?xml version="1.0" encoding="UTF-8"?>
<robot generator="Robot 6.0.2 (Python 3.11.2 on win32)" generated="20230306 19:31:10.837" rpa="false" schemaversion="3">
<suite id="s1" name="Chronos" source="f:\Robot_sem_complicacao\code robot\chronos.robot">
<test id="s1-t1" name="ChronosTest" line="49">
<kw name="Adicionar Laptops no carrinho de compra">
<kw name="Open Browser" library="SeleniumLibrary">
<arg>${url}</arg>
<arg>${navegador}</arg>
<doc>Opens a new browser instance to the optional ``url``.</doc>
<msg timestamp="20230306 19:31:10.988" level="INFO">Opening browser 'chrome' to base url 'https://www.demoblaze.com/'.</msg>
<status status="PASS" starttime="20230306 19:31:10.987" endtime="20230306 19:31:13.366"/>
</kw>
<kw name="Maximize Browser Window" library="SeleniumLibrary">
<doc>Maximizes current browser window.</doc>
<status status="PASS" starttime="20230306 19:31:13.367" endtime="20230306 19:31:13.482"/>
</kw>
<kw name="Click Link" library="SeleniumLibrary">
<arg>Laptops</arg>
<doc>Clicks a link identified by ``locator``.</doc>
<msg timestamp="20230306 19:31:13.483" level="INFO">Clicking link 'Laptops'.</msg>
<status status="PASS" starttime="20230306 19:31:13.482" endtime="20230306 19:31:13.515"/>
</kw>
<kw name="Wait Until Element Is Visible" library="SeleniumLibrary">
<arg>link=MacBook Pro</arg>
<doc>Waits until the element ``locator`` is visible.</doc>
<status status="PASS" starttime="20230306 19:31:13.515" endtime="20230306 19:31:14.368"/>
</kw>
<kw name="Click Link" library="SeleniumLibrary">
<arg>MacBook Pro</arg>
<doc>Clicks a link identified by ``locator``.</doc>
<msg timestamp="20230306 19:31:14.368" level="INFO">Clicking link 'MacBook Pro'.</msg>
<status status="PASS" starttime="20230306 19:31:14.368" endtime="20230306 19:31:14.807"/>
</kw>
<kw name="Wait Until Element Is Visible" library="SeleniumLibrary">
<arg>xpath=//div[2]//a</arg>
<doc>Waits until the element ``locator`` is visible.</doc>
<status status="PASS" starttime="20230306 19:31:14.807" endtime="20230306 19:31:15.245"/>
</kw>
<kw name="Click Element" library="SeleniumLibrary">
<arg>xpath=//div[2]//a</arg>
<doc>Click the element identified by ``locator``.</doc>
<msg timestamp="20230306 19:31:15.246" level="INFO">Clicking element 'xpath=//div[2]//a'.</msg>
<status status="PASS" starttime="20230306 19:31:15.245" endtime="20230306 19:31:15.269"/>
</kw>
<kw name="Alert Should Be Present" library="SeleniumLibrary">
<doc>Verifies that an alert is present and by default, accepts it.</doc>
<msg timestamp="20230306 19:31:15.270" level="INFO">HANDLE::&lt;class 'NoneType'&gt;::None</msg>
<status status="PASS" starttime="20230306 19:31:15.269" endtime="20230306 19:31:15.775"/>
</kw>
<status status="PASS" starttime="20230306 19:31:10.987" endtime="20230306 19:31:15.775"/>
</kw>
<kw name="Finalizar compra">
<kw name="Click Link" library="SeleniumLibrary">
<arg>Cart</arg>
<doc>Clicks a link identified by ``locator``.</doc>
<msg timestamp="20230306 19:31:15.776" level="INFO">Clicking link 'Cart'.</msg>
<status status="PASS" starttime="20230306 19:31:15.776" endtime="20230306 19:31:16.405"/>
</kw>
<kw name="Click Button" library="SeleniumLibrary">
<arg>css=.btn-success</arg>
<doc>Clicks the button identified by ``locator``.</doc>
<msg timestamp="20230306 19:31:16.406" level="INFO">Clicking button 'css=.btn-success'.</msg>
<status status="PASS" starttime="20230306 19:31:16.405" endtime="20230306 19:31:16.454"/>
</kw>
<kw name="Wait Until Element Is Visible" library="SeleniumLibrary">
<arg>id=name</arg>
<doc>Waits until the element ``locator`` is visible.</doc>
<status status="PASS" starttime="20230306 19:31:16.454" endtime="20230306 19:31:16.675"/>
</kw>
<kw name="Input Text" library="SeleniumLibrary">
<arg>id=name</arg>
<arg>Jonathan</arg>
<doc>Types the given ``text`` into the text field identified by ``locator``.</doc>
<msg timestamp="20230306 19:31:16.675" level="INFO">Typing text 'Jonathan' into text field 'id=name'.</msg>
<status status="PASS" starttime="20230306 19:31:16.675" endtime="20230306 19:31:16.722"/>
</kw>
<kw name="Input Text" library="SeleniumLibrary">
<arg>id=country</arg>
<arg>Brasil</arg>
<doc>Types the given ``text`` into the text field identified by ``locator``.</doc>
<msg timestamp="20230306 19:31:16.723" level="INFO">Typing text 'Brasil' into text field 'id=country'.</msg>
<status status="PASS" starttime="20230306 19:31:16.723" endtime="20230306 19:31:16.773"/>
</kw>
<kw name="Input Text" library="SeleniumLibrary">
<arg>id=city</arg>
<arg>AguasLindas</arg>
<doc>Types the given ``text`` into the text field identified by ``locator``.</doc>
<msg timestamp="20230306 19:31:16.773" level="INFO">Typing text 'AguasLindas' into text field 'id=city'.</msg>
<status status="PASS" starttime="20230306 19:31:16.773" endtime="20230306 19:31:16.821"/>
</kw>
<kw name="Input Text" library="SeleniumLibrary">
<arg>id=card</arg>
<arg>12345678910</arg>
<doc>Types the given ``text`` into the text field identified by ``locator``.</doc>
<msg timestamp="20230306 19:31:16.822" level="INFO">Typing text '12345678910' into text field 'id=card'.</msg>
<status status="PASS" starttime="20230306 19:31:16.822" endtime="20230306 19:31:16.869"/>
</kw>
<kw name="Input Text" library="SeleniumLibrary">
<arg>id=month</arg>
<arg>07</arg>
<doc>Types the given ``text`` into the text field identified by ``locator``.</doc>
<msg timestamp="20230306 19:31:16.870" level="INFO">Typing text '07' into text field 'id=month'.</msg>
<status status="PASS" starttime="20230306 19:31:16.869" endtime="20230306 19:31:16.913"/>
</kw>
<kw name="Input Text" library="SeleniumLibrary">
<arg>id=year</arg>
<arg>2031</arg>
<doc>Types the given ``text`` into the text field identified by ``locator``.</doc>
<msg timestamp="20230306 19:31:16.914" level="INFO">Typing text '2031' into text field 'id=year'.</msg>
<status status="PASS" starttime="20230306 19:31:16.913" endtime="20230306 19:31:16.955"/>
</kw>
<kw name="Click Button" library="SeleniumLibrary">
<arg>xpath=//button[text()='Purchase']</arg>
<doc>Clicks the button identified by ``locator``.</doc>
<msg timestamp="20230306 19:31:16.956" level="INFO">Clicking button 'xpath=//button[text()='Purchase']'.</msg>
<status status="PASS" starttime="20230306 19:31:16.955" endtime="20230306 19:31:16.990"/>
</kw>
<kw name="Element Text Should Be" library="SeleniumLibrary">
<arg>css=.showSweetAlert &gt; h2</arg>
<arg>Thank you for your purchase!</arg>
<doc>Verifies that element ``locator`` contains exact the text ``expected``.</doc>
<msg timestamp="20230306 19:31:16.991" level="INFO">Verifying element 'css=.showSweetAlert &gt; h2' contains exact text 'Thank you for your purchase!'.</msg>
<status status="PASS" starttime="20230306 19:31:16.991" endtime="20230306 19:31:17.007"/>
</kw>
<kw name="Click Button" library="SeleniumLibrary">
<arg>css=.confirm</arg>
<doc>Clicks the button identified by ``locator``.</doc>
<msg timestamp="20230306 19:31:17.007" level="INFO">Clicking button 'css=.confirm'.</msg>
<status status="PASS" starttime="20230306 19:31:17.007" endtime="20230306 19:31:17.041"/>
</kw>
<status status="PASS" starttime="20230306 19:31:15.775" endtime="20230306 19:31:17.041"/>
</kw>
<kw name="Adicionar Phones no carrinho de compra">
<kw name="Open Browser" library="SeleniumLibrary">
<arg>${url}</arg>
<arg>${navegador}</arg>
<doc>Opens a new browser instance to the optional ``url``.</doc>
<msg timestamp="20230306 19:31:17.042" level="INFO">Opening browser 'chrome' to base url 'https://www.demoblaze.com/'.</msg>
<status status="PASS" starttime="20230306 19:31:17.042" endtime="20230306 19:31:19.395"/>
</kw>
<kw name="Maximize Browser Window" library="SeleniumLibrary">
<doc>Maximizes current browser window.</doc>
<status status="PASS" starttime="20230306 19:31:19.396" endtime="20230306 19:31:19.508"/>
</kw>
<kw name="Click Link" library="SeleniumLibrary">
<arg>Phones</arg>
<doc>Clicks a link identified by ``locator``.</doc>
<msg timestamp="20230306 19:31:19.508" level="INFO">Clicking link 'Phones'.</msg>
<status status="PASS" starttime="20230306 19:31:19.508" endtime="20230306 19:31:19.540"/>
</kw>
<kw name="Wait Until Element Is Visible" library="SeleniumLibrary">
<arg>link=Iphone 6 32gb</arg>
<doc>Waits until the element ``locator`` is visible.</doc>
<status status="PASS" starttime="20230306 19:31:19.540" endtime="20230306 19:31:20.183"/>
</kw>
<kw name="Click Link" library="SeleniumLibrary">
<arg>Iphone 6 32gb</arg>
<doc>Clicks a link identified by ``locator``.</doc>
<msg timestamp="20230306 19:31:20.184" level="INFO">Clicking link 'Iphone 6 32gb'.</msg>
<status status="PASS" starttime="20230306 19:31:20.183" endtime="20230306 19:31:20.608"/>
</kw>
<kw name="Wait Until Element Is Visible" library="SeleniumLibrary">
<arg>xpath=//div[2]//a</arg>
<doc>Waits until the element ``locator`` is visible.</doc>
<status status="PASS" starttime="20230306 19:31:20.609" endtime="20230306 19:31:21.038"/>
</kw>
<kw name="Click Element" library="SeleniumLibrary">
<arg>xpath=//div[2]//a</arg>
<doc>Click the element identified by ``locator``.</doc>
<msg timestamp="20230306 19:31:21.039" level="INFO">Clicking element 'xpath=//div[2]//a'.</msg>
<status status="PASS" starttime="20230306 19:31:21.038" endtime="20230306 19:31:21.062"/>
</kw>
<kw name="Alert Should Be Present" library="SeleniumLibrary">
<doc>Verifies that an alert is present and by default, accepts it.</doc>
<msg timestamp="20230306 19:31:21.063" level="INFO">HANDLE::&lt;class 'NoneType'&gt;::None</msg>
<status status="PASS" starttime="20230306 19:31:21.063" endtime="20230306 19:31:21.567"/>
</kw>
<status status="PASS" starttime="20230306 19:31:17.041" endtime="20230306 19:31:21.567"/>
</kw>
<kw name="Finalizar compra">
<kw name="Click Link" library="SeleniumLibrary">
<arg>Cart</arg>
<doc>Clicks a link identified by ``locator``.</doc>
<msg timestamp="20230306 19:31:21.568" level="INFO">Clicking link 'Cart'.</msg>
<status status="PASS" starttime="20230306 19:31:21.567" endtime="20230306 19:31:22.211"/>
</kw>
<kw name="Click Button" library="SeleniumLibrary">
<arg>css=.btn-success</arg>
<doc>Clicks the button identified by ``locator``.</doc>
<msg timestamp="20230306 19:31:22.211" level="INFO">Clicking button 'css=.btn-success'.</msg>
<status status="PASS" starttime="20230306 19:31:22.211" endtime="20230306 19:31:22.257"/>
</kw>
<kw name="Wait Until Element Is Visible" library="SeleniumLibrary">
<arg>id=name</arg>
<doc>Waits until the element ``locator`` is visible.</doc>
<status status="PASS" starttime="20230306 19:31:22.257" endtime="20230306 19:31:22.483"/>
</kw>
<kw name="Input Text" library="SeleniumLibrary">
<arg>id=name</arg>
<arg>Jonathan</arg>
<doc>Types the given ``text`` into the text field identified by ``locator``.</doc>
<msg timestamp="20230306 19:31:22.484" level="INFO">Typing text 'Jonathan' into text field 'id=name'.</msg>
<status status="PASS" starttime="20230306 19:31:22.483" endtime="20230306 19:31:22.530"/>
</kw>
<kw name="Input Text" library="SeleniumLibrary">
<arg>id=country</arg>
<arg>Brasil</arg>
<doc>Types the given ``text`` into the text field identified by ``locator``.</doc>
<msg timestamp="20230306 19:31:22.531" level="INFO">Typing text 'Brasil' into text field 'id=country'.</msg>
<status status="PASS" starttime="20230306 19:31:22.531" endtime="20230306 19:31:22.577"/>
</kw>
<kw name="Input Text" library="SeleniumLibrary">
<arg>id=city</arg>
<arg>AguasLindas</arg>
<doc>Types the given ``text`` into the text field identified by ``locator``.</doc>
<msg timestamp="20230306 19:31:22.578" level="INFO">Typing text 'AguasLindas' into text field 'id=city'.</msg>
<status status="PASS" starttime="20230306 19:31:22.578" endtime="20230306 19:31:22.625"/>
</kw>
<kw name="Input Text" library="SeleniumLibrary">
<arg>id=card</arg>
<arg>12345678910</arg>
<doc>Types the given ``text`` into the text field identified by ``locator``.</doc>
<msg timestamp="20230306 19:31:22.626" level="INFO">Typing text '12345678910' into text field 'id=card'.</msg>
<status status="PASS" starttime="20230306 19:31:22.626" endtime="20230306 19:31:22.671"/>
</kw>
<kw name="Input Text" library="SeleniumLibrary">
<arg>id=month</arg>
<arg>07</arg>
<doc>Types the given ``text`` into the text field identified by ``locator``.</doc>
<msg timestamp="20230306 19:31:22.671" level="INFO">Typing text '07' into text field 'id=month'.</msg>
<status status="PASS" starttime="20230306 19:31:22.671" endtime="20230306 19:31:22.712"/>
</kw>
<kw name="Input Text" library="SeleniumLibrary">
<arg>id=year</arg>
<arg>2031</arg>
<doc>Types the given ``text`` into the text field identified by ``locator``.</doc>
<msg timestamp="20230306 19:31:22.713" level="INFO">Typing text '2031' into text field 'id=year'.</msg>
<status status="PASS" starttime="20230306 19:31:22.712" endtime="20230306 19:31:22.754"/>
</kw>
<kw name="Click Button" library="SeleniumLibrary">
<arg>xpath=//button[text()='Purchase']</arg>
<doc>Clicks the button identified by ``locator``.</doc>
<msg timestamp="20230306 19:31:22.755" level="INFO">Clicking button 'xpath=//button[text()='Purchase']'.</msg>
<status status="PASS" starttime="20230306 19:31:22.754" endtime="20230306 19:31:22.791"/>
</kw>
<kw name="Element Text Should Be" library="SeleniumLibrary">
<arg>css=.showSweetAlert &gt; h2</arg>
<arg>Thank you for your purchase!</arg>
<doc>Verifies that element ``locator`` contains exact the text ``expected``.</doc>
<msg timestamp="20230306 19:31:22.792" level="INFO">Verifying element 'css=.showSweetAlert &gt; h2' contains exact text 'Thank you for your purchase!'.</msg>
<status status="PASS" starttime="20230306 19:31:22.791" endtime="20230306 19:31:22.808"/>
</kw>
<kw name="Click Button" library="SeleniumLibrary">
<arg>css=.confirm</arg>
<doc>Clicks the button identified by ``locator``.</doc>
<msg timestamp="20230306 19:31:22.809" level="INFO">Clicking button 'css=.confirm'.</msg>
<status status="PASS" starttime="20230306 19:31:22.808" endtime="20230306 19:31:22.841"/>
</kw>
<status status="PASS" starttime="20230306 19:31:21.567" endtime="20230306 19:31:22.841"/>
</kw>
<status status="PASS" starttime="20230306 19:31:10.986" endtime="20230306 19:31:22.842"/>
</test>
<doc>Robot Framework Sem Complicação</doc>
<status status="PASS" starttime="20230306 19:31:10.840" endtime="20230306 19:31:22.842"/>
</suite>
<statistics>
<total>
<stat pass="1" fail="0" skip="0">All Tests</stat>
</total>
<tag>
</tag>
<suite>
<stat pass="1" fail="0" skip="0" id="s1" name="Chronos">Chronos</stat>
</suite>
</statistics>
<errors>
</errors>
</robot>
