<?xml version="1.0" encoding="UTF-8"?>
<robot generator="Robot 6.0.2 (Python 3.11.2 on win32)" generated="20230306 19:31:59.482" rpa="false" schemaversion="3">
<suite id="s1" name="Chronos" source="F:\Robot_sem_complicacao\code robot\chronos.robot">
<test id="s1-t1" name="ChronosTest" line="49">
<kw name="Adicionar Laptops no carrinho de compra">
<kw name="Open Browser" library="SeleniumLibrary">
<arg>${url}</arg>
<arg>${navegador}</arg>
<doc>Opens a new browser instance to the optional ``url``.</doc>
<msg timestamp="20230306 19:31:59.623" level="INFO">Opening browser 'chrome' to base url 'https://www.demoblaze.com/'.</msg>
<status status="PASS" starttime="20230306 19:31:59.622" endtime="20230306 19:32:01.929"/>
</kw>
<kw name="Maximize Browser Window" library="SeleniumLibrary">
<doc>Maximizes current browser window.</doc>
<status status="PASS" starttime="20230306 19:32:01.929" endtime="20230306 19:32:02.043"/>
</kw>
<kw name="Click Link" library="SeleniumLibrary">
<arg>Laptops</arg>
<doc>Clicks a link identified by ``locator``.</doc>
<msg timestamp="20230306 19:32:02.043" level="INFO">Clicking link 'Laptops'.</msg>
<status status="PASS" starttime="20230306 19:32:02.043" endtime="20230306 19:32:02.076"/>
</kw>
<kw name="Wait Until Element Is Visible" library="SeleniumLibrary">
<arg>link=MacBook Pro</arg>
<doc>Waits until the element ``locator`` is visible.</doc>
<status status="PASS" starttime="20230306 19:32:02.076" endtime="20230306 19:32:02.723"/>
</kw>
<kw name="Click Link" library="SeleniumLibrary">
<arg>MacBook Pro</arg>
<doc>Clicks a link identified by ``locator``.</doc>
<msg timestamp="20230306 19:32:02.724" level="INFO">Clicking link 'MacBook Pro'.</msg>
<status status="PASS" starttime="20230306 19:32:02.724" endtime="20230306 19:32:03.174"/>
</kw>
<kw name="Wait Until Element Is Visible" library="SeleniumLibrary">
<arg>xpath=//div[2]//a</arg>
<doc>Waits until the element ``locator`` is visible.</doc>
<status status="PASS" starttime="20230306 19:32:03.174" endtime="20230306 19:32:03.605"/>
</kw>
<kw name="Click Element" library="SeleniumLibrary">
<arg>xpath=//div[2]//a</arg>
<doc>Click the element identified by ``locator``.</doc>
<msg timestamp="20230306 19:32:03.605" level="INFO">Clicking element 'xpath=//div[2]//a'.</msg>
<status status="PASS" starttime="20230306 19:32:03.605" endtime="20230306 19:32:03.628"/>
</kw>
<kw name="Alert Should Be Present" library="SeleniumLibrary">
<doc>Verifies that an alert is present and by default, accepts it.</doc>
<msg timestamp="20230306 19:32:03.628" level="INFO">HANDLE::&lt;class 'NoneType'&gt;::None</msg>
<status status="PASS" starttime="20230306 19:32:03.628" endtime="20230306 19:32:04.133"/>
</kw>
<status status="PASS" starttime="20230306 19:31:59.622" endtime="20230306 19:32:04.133"/>
</kw>
<kw name="Finalizar compra">
<kw name="Click Link" library="SeleniumLibrary">
<arg>Cart</arg>
<doc>Clicks a link identified by ``locator``.</doc>
<msg timestamp="20230306 19:32:04.134" level="INFO">Clicking link 'Cart'.</msg>
<status status="PASS" starttime="20230306 19:32:04.134" endtime="20230306 19:32:04.741"/>
</kw>
<kw name="Click Button" library="SeleniumLibrary">
<arg>css=.btn-success</arg>
<doc>Clicks the button identified by ``locator``.</doc>
<msg timestamp="20230306 19:32:04.741" level="INFO">Clicking button 'css=.btn-success'.</msg>
<status status="PASS" starttime="20230306 19:32:04.741" endtime="20230306 19:32:04.787"/>
</kw>
<kw name="Wait Until Element Is Visible" library="SeleniumLibrary">
<arg>id=name</arg>
<doc>Waits until the element ``locator`` is visible.</doc>
<status status="PASS" starttime="20230306 19:32:04.787" endtime="20230306 19:32:05.008"/>
</kw>
<kw name="Input Text" library="SeleniumLibrary">
<arg>id=name</arg>
<arg>Jonathan</arg>
<doc>Types the given ``text`` into the text field identified by ``locator``.</doc>
<msg timestamp="20230306 19:32:05.009" level="INFO">Typing text 'Jonathan' into text field 'id=name'.</msg>
<status status="PASS" starttime="20230306 19:32:05.009" endtime="20230306 19:32:05.057"/>
</kw>
<kw name="Input Text" library="SeleniumLibrary">
<arg>id=country</arg>
<arg>Brasil</arg>
<doc>Types the given ``text`` into the text field identified by ``locator``.</doc>
<msg timestamp="20230306 19:32:05.057" level="INFO">Typing text 'Brasil' into text field 'id=country'.</msg>
<status status="PASS" starttime="20230306 19:32:05.057" endtime="20230306 19:32:05.100"/>
</kw>
<kw name="Input Text" library="SeleniumLibrary">
<arg>id=city</arg>
<arg>AguasLindas</arg>
<doc>Types the given ``text`` into the text field identified by ``locator``.</doc>
<msg timestamp="20230306 19:32:05.100" level="INFO">Typing text 'AguasLindas' into text field 'id=city'.</msg>
<status status="PASS" starttime="20230306 19:32:05.100" endtime="20230306 19:32:05.148"/>
</kw>
<kw name="Input Text" library="SeleniumLibrary">
<arg>id=card</arg>
<arg>12345678910</arg>
<doc>Types the given ``text`` into the text field identified by ``locator``.</doc>
<msg timestamp="20230306 19:32:05.149" level="INFO">Typing text '12345678910' into text field 'id=card'.</msg>
<status status="PASS" starttime="20230306 19:32:05.148" endtime="20230306 19:32:05.194"/>
</kw>
<kw name="Input Text" library="SeleniumLibrary">
<arg>id=month</arg>
<arg>07</arg>
<doc>Types the given ``text`` into the text field identified by ``locator``.</doc>
<msg timestamp="20230306 19:32:05.194" level="INFO">Typing text '07' into text field 'id=month'.</msg>
<status status="PASS" starttime="20230306 19:32:05.194" endtime="20230306 19:32:05.235"/>
</kw>
<kw name="Input Text" library="SeleniumLibrary">
<arg>id=year</arg>
<arg>2031</arg>
<doc>Types the given ``text`` into the text field identified by ``locator``.</doc>
<msg timestamp="20230306 19:32:05.235" level="INFO">Typing text '2031' into text field 'id=year'.</msg>
<status status="PASS" starttime="20230306 19:32:05.235" endtime="20230306 19:32:05.275"/>
</kw>
<kw name="Click Button" library="SeleniumLibrary">
<arg>xpath=//button[text()='Purchase']</arg>
<doc>Clicks the button identified by ``locator``.</doc>
<msg timestamp="20230306 19:32:05.276" level="INFO">Clicking button 'xpath=//button[text()='Purchase']'.</msg>
<status status="PASS" starttime="20230306 19:32:05.276" endtime="20230306 19:32:05.312"/>
</kw>
<kw name="Element Text Should Be" library="SeleniumLibrary">
<arg>css=.showSweetAlert &gt; h2</arg>
<arg>Thank you for your purchase!</arg>
<doc>Verifies that element ``locator`` contains exact the text ``expected``.</doc>
<msg timestamp="20230306 19:32:05.312" level="INFO">Verifying element 'css=.showSweetAlert &gt; h2' contains exact text 'Thank you for your purchase!'.</msg>
<status status="PASS" starttime="20230306 19:32:05.312" endtime="20230306 19:32:05.325"/>
</kw>
<kw name="Click Button" library="SeleniumLibrary">
<arg>css=.confirm</arg>
<doc>Clicks the button identified by ``locator``.</doc>
<msg timestamp="20230306 19:32:05.326" level="INFO">Clicking button 'css=.confirm'.</msg>
<status status="PASS" starttime="20230306 19:32:05.325" endtime="20230306 19:32:05.358"/>
</kw>
<status status="PASS" starttime="20230306 19:32:04.134" endtime="20230306 19:32:05.358"/>
</kw>
<kw name="Adicionar Phones no carrinho de compra">
<kw name="Open Browser" library="SeleniumLibrary">
<arg>${url}</arg>
<arg>${navegador}</arg>
<doc>Opens a new browser instance to the optional ``url``.</doc>
<msg timestamp="20230306 19:32:05.359" level="INFO">Opening browser 'chrome' to base url 'https://www.demoblaze.com/'.</msg>
<status status="PASS" starttime="20230306 19:32:05.359" endtime="20230306 19:32:07.598"/>
</kw>
<kw name="Maximize Browser Window" library="SeleniumLibrary">
<doc>Maximizes current browser window.</doc>
<status status="PASS" starttime="20230306 19:32:07.599" endtime="20230306 19:32:07.717"/>
</kw>
<kw name="Click Link" library="SeleniumLibrary">
<arg>Phones</arg>
<doc>Clicks a link identified by ``locator``.</doc>
<msg timestamp="20230306 19:32:07.717" level="INFO">Clicking link 'Phones'.</msg>
<status status="PASS" starttime="20230306 19:32:07.717" endtime="20230306 19:32:07.748"/>
</kw>
<kw name="Wait Until Element Is Visible" library="SeleniumLibrary">
<arg>link=Iphone 6 32gb</arg>
<doc>Waits until the element ``locator`` is visible.</doc>
<status status="PASS" starttime="20230306 19:32:07.748" endtime="20230306 19:32:08.398"/>
</kw>
<kw name="Click Link" library="SeleniumLibrary">
<arg>Iphone 6 32gb</arg>
<doc>Clicks a link identified by ``locator``.</doc>
<msg timestamp="20230306 19:32:08.398" level="INFO">Clicking link 'Iphone 6 32gb'.</msg>
<status status="PASS" starttime="20230306 19:32:08.398" endtime="20230306 19:32:08.930"/>
</kw>
<kw name="Wait Until Element Is Visible" library="SeleniumLibrary">
<arg>xpath=//div[2]//a</arg>
<doc>Waits until the element ``locator`` is visible.</doc>
<status status="PASS" starttime="20230306 19:32:08.930" endtime="20230306 19:32:09.362"/>
</kw>
<kw name="Click Element" library="SeleniumLibrary">
<arg>xpath=//div[2]//a</arg>
<doc>Click the element identified by ``locator``.</doc>
<msg timestamp="20230306 19:32:09.363" level="INFO">Clicking element 'xpath=//div[2]//a'.</msg>
<status status="PASS" starttime="20230306 19:32:09.362" endtime="20230306 19:32:09.386"/>
</kw>
<kw name="Alert Should Be Present" library="SeleniumLibrary">
<doc>Verifies that an alert is present and by default, accepts it.</doc>
<msg timestamp="20230306 19:32:09.386" level="INFO">HANDLE::&lt;class 'NoneType'&gt;::None</msg>
<status status="PASS" starttime="20230306 19:32:09.386" endtime="20230306 19:32:09.890"/>
</kw>
<status status="PASS" starttime="20230306 19:32:05.359" endtime="20230306 19:32:09.890"/>
</kw>
<kw name="Finalizar compra">
<kw name="Click Link" library="SeleniumLibrary">
<arg>Cart</arg>
<doc>Clicks a link identified by ``locator``.</doc>
<msg timestamp="20230306 19:32:09.891" level="INFO">Clicking link 'Cart'.</msg>
<status status="PASS" starttime="20230306 19:32:09.891" endtime="20230306 19:32:10.625"/>
</kw>
<kw name="Click Button" library="SeleniumLibrary">
<arg>css=.btn-success</arg>
<doc>Clicks the button identified by ``locator``.</doc>
<msg timestamp="20230306 19:32:10.625" level="INFO">Clicking button 'css=.btn-success'.</msg>
<status status="PASS" starttime="20230306 19:32:10.625" endtime="20230306 19:32:10.669"/>
</kw>
<kw name="Wait Until Element Is Visible" library="SeleniumLibrary">
<arg>id=name</arg>
<doc>Waits until the element ``locator`` is visible.</doc>
<status status="PASS" starttime="20230306 19:32:10.669" endtime="20230306 19:32:10.895"/>
</kw>
<kw name="Input Text" library="SeleniumLibrary">
<arg>id=name</arg>
<arg>Jonathan</arg>
<doc>Types the given ``text`` into the text field identified by ``locator``.</doc>
<msg timestamp="20230306 19:32:10.895" level="INFO">Typing text 'Jonathan' into text field 'id=name'.</msg>
<status status="PASS" starttime="20230306 19:32:10.895" endtime="20230306 19:32:10.941"/>
</kw>
<kw name="Input Text" library="SeleniumLibrary">
<arg>id=country</arg>
<arg>Brasil</arg>
<doc>Types the given ``text`` into the text field identified by ``locator``.</doc>
<msg timestamp="20230306 19:32:10.941" level="INFO">Typing text 'Brasil' into text field 'id=country'.</msg>
<status status="PASS" starttime="20230306 19:32:10.941" endtime="20230306 19:32:10.985"/>
</kw>
<kw name="Input Text" library="SeleniumLibrary">
<arg>id=city</arg>
<arg>AguasLindas</arg>
<doc>Types the given ``text`` into the text field identified by ``locator``.</doc>
<msg timestamp="20230306 19:32:10.986" level="INFO">Typing text 'AguasLindas' into text field 'id=city'.</msg>
<status status="PASS" starttime="20230306 19:32:10.985" endtime="20230306 19:32:11.032"/>
</kw>
<kw name="Input Text" library="SeleniumLibrary">
<arg>id=card</arg>
<arg>12345678910</arg>
<doc>Types the given ``text`` into the text field identified by ``locator``.</doc>
<msg timestamp="20230306 19:32:11.032" level="INFO">Typing text '12345678910' into text field 'id=card'.</msg>
<status status="PASS" starttime="20230306 19:32:11.032" endtime="20230306 19:32:11.079"/>
</kw>
<kw name="Input Text" library="SeleniumLibrary">
<arg>id=month</arg>
<arg>07</arg>
<doc>Types the given ``text`` into the text field identified by ``locator``.</doc>
<msg timestamp="20230306 19:32:11.079" level="INFO">Typing text '07' into text field 'id=month'.</msg>
<status status="PASS" starttime="20230306 19:32:11.079" endtime="20230306 19:32:11.121"/>
</kw>
<kw name="Input Text" library="SeleniumLibrary">
<arg>id=year</arg>
<arg>2031</arg>
<doc>Types the given ``text`` into the text field identified by ``locator``.</doc>
<msg timestamp="20230306 19:32:11.122" level="INFO">Typing text '2031' into text field 'id=year'.</msg>
<status status="PASS" starttime="20230306 19:32:11.121" endtime="20230306 19:32:11.162"/>
</kw>
<kw name="Click Button" library="SeleniumLibrary">
<arg>xpath=//button[text()='Purchase']</arg>
<doc>Clicks the button identified by ``locator``.</doc>
<msg timestamp="20230306 19:32:11.162" level="INFO">Clicking button 'xpath=//button[text()='Purchase']'.</msg>
<status status="PASS" starttime="20230306 19:32:11.162" endtime="20230306 19:32:11.197"/>
</kw>
<kw name="Element Text Should Be" library="SeleniumLibrary">
<arg>css=.showSweetAlert &gt; h2</arg>
<arg>Thank you for your purchase!</arg>
<doc>Verifies that element ``locator`` contains exact the text ``expected``.</doc>
<msg timestamp="20230306 19:32:11.197" level="INFO">Verifying element 'css=.showSweetAlert &gt; h2' contains exact text 'Thank you for your purchase!'.</msg>
<status status="PASS" starttime="20230306 19:32:11.197" endtime="20230306 19:32:11.209"/>
</kw>
<kw name="Click Button" library="SeleniumLibrary">
<arg>css=.confirm</arg>
<doc>Clicks the button identified by ``locator``.</doc>
<msg timestamp="20230306 19:32:11.210" level="INFO">Clicking button 'css=.confirm'.</msg>
<status status="PASS" starttime="20230306 19:32:11.209" endtime="20230306 19:32:11.243"/>
</kw>
<status status="PASS" starttime="20230306 19:32:09.891" endtime="20230306 19:32:11.243"/>
</kw>
<status status="PASS" starttime="20230306 19:31:59.622" endtime="20230306 19:32:11.243"/>
</test>
<doc>Robot Framework Sem Complicação</doc>
<status status="PASS" starttime="20230306 19:31:59.483" endtime="20230306 19:32:11.244"/>
</suite>
<statistics>
<total>
<stat pass="1" fail="0" skip="0">All Tests</stat>
</total>
<tag>
</tag>
<suite>
<stat pass="1" fail="0" skip="0" id="s1" name="Chronos">Chronos</stat>
</suite>
</statistics>
<errors>
</errors>
</robot>
