<?xml version="1.0" encoding="UTF-8"?>
<robot generator="Robot 6.0.2 (Python 3.11.2 on win32)" generated="20230306 18:05:29.447" rpa="false" schemaversion="3">
<suite id="s1" name="Chronos" source="F:\Robot_sem_complicacao\code robot\chronos.robot">
<test id="s1-t1" name="ChronosTest" line="11">
<kw name="Open Browser" library="SeleniumLibrary">
<arg>${url}</arg>
<arg>${navegador}</arg>
<doc>Opens a new browser instance to the optional ``url``.</doc>
<msg timestamp="20230306 18:05:29.587" level="INFO">Opening browser 'chrome' to base url 'https://www.demoblaze.com/'.</msg>
<status status="PASS" starttime="20230306 18:05:29.587" endtime="20230306 18:05:31.873"/>
</kw>
<kw name="Maximize Browser Window" library="SeleniumLibrary">
<doc>Maximizes current browser window.</doc>
<status status="PASS" starttime="20230306 18:05:31.873" endtime="20230306 18:05:31.986"/>
</kw>
<kw name="Click Link" library="SeleniumLibrary">
<arg>Laptops</arg>
<doc>Clicks a link identified by ``locator``.</doc>
<msg timestamp="20230306 18:05:31.987" level="INFO">Clicking link 'Laptops'.</msg>
<status status="PASS" starttime="20230306 18:05:31.987" endtime="20230306 18:05:32.047"/>
</kw>
<kw name="Click Link" library="SeleniumLibrary">
<arg>MacBook Pro</arg>
<doc>Clicks a link identified by ``locator``.</doc>
<msg timestamp="20230306 18:05:32.048" level="INFO">Clicking link 'MacBook Pro'.</msg>
<msg timestamp="20230306 18:05:32.341" level="INFO" html="true">&lt;/td&gt;&lt;/tr&gt;&lt;tr&gt;&lt;td colspan="3"&gt;&lt;a href="selenium-screenshot-1.png"&gt;&lt;img src="selenium-screenshot-1.png" width="800px"&gt;&lt;/a&gt;</msg>
<msg timestamp="20230306 18:05:32.341" level="FAIL">Link with locator 'MacBook Pro' not found.</msg>
<status status="FAIL" starttime="20230306 18:05:32.048" endtime="20230306 18:05:32.348"/>
</kw>
<status status="FAIL" starttime="20230306 18:05:29.586" endtime="20230306 18:05:32.349">Link with locator 'MacBook Pro' not found.</status>
</test>
<doc>Robot Framework Sem Complicação</doc>
<status status="FAIL" starttime="20230306 18:05:29.448" endtime="20230306 18:05:32.349"/>
</suite>
<statistics>
<total>
<stat pass="0" fail="1" skip="0">All Tests</stat>
</total>
<tag>
</tag>
<suite>
<stat pass="0" fail="1" skip="0" id="s1" name="Chronos">Chronos</stat>
</suite>
</statistics>
<errors>
</errors>
</robot>
