<?xml version="1.0" encoding="UTF-8"?>
<robot generator="Robot 6.0.2 (Python 3.11.2 on win32)" generated="20230307 18:46:12.190" rpa="false" schemaversion="3">
<suite id="s1" name="seuBarriga" source="F:\Robot_sem_complicacao\code robot\seuBarriga.robot">
<test id="s1-t1" name="Acessando" line="42">
<kw name="Entrando no site">
<kw name="Open Browser" library="SeleniumLibrary">
<arg>${url}</arg>
<arg>${navegador}</arg>
<doc>Opens a new browser instance to the optional ``url``.</doc>
<msg timestamp="20230307 18:46:12.327" level="INFO">Opening browser 'chrome' to base url 'https://seubarriga.wcaquino.me/login'.</msg>
<status status="PASS" starttime="20230307 18:46:12.327" endtime="20230307 18:46:14.272"/>
</kw>
<kw name="Maximize Browser Window" library="SeleniumLibrary">
<doc>Maximizes current browser window.</doc>
<status status="PASS" starttime="20230307 18:46:14.273" endtime="20230307 18:46:14.395"/>
</kw>
<status status="PASS" starttime="20230307 18:46:12.327" endtime="20230307 18:46:14.395"/>
</kw>
<status status="PASS" starttime="20230307 18:46:12.326" endtime="20230307 18:46:14.395"/>
</test>
<test id="s1-t2" name="Realizando cadastro" line="45">
<kw name="Novo cadastro">
<kw name="Open Browser" library="SeleniumLibrary">
<arg>${url}</arg>
<arg>${navegador}</arg>
<doc>Opens a new browser instance to the optional ``url``.</doc>
<msg timestamp="20230307 18:46:14.397" level="INFO">Opening browser 'chrome' to base url 'https://seubarriga.wcaquino.me/login'.</msg>
<status status="PASS" starttime="20230307 18:46:14.397" endtime="20230307 18:46:16.387"/>
</kw>
<kw name="Maximize Browser Window" library="SeleniumLibrary">
<doc>Maximizes current browser window.</doc>
<status status="PASS" starttime="20230307 18:46:16.387" endtime="20230307 18:46:16.503"/>
</kw>
<kw name="Click Link" library="SeleniumLibrary">
<arg>Novo usuário?</arg>
<doc>Clicks a link identified by ``locator``.</doc>
<msg timestamp="20230307 18:46:16.503" level="INFO">Clicking link 'Novo usuário?'.</msg>
<status status="PASS" starttime="20230307 18:46:16.503" endtime="20230307 18:46:16.763"/>
</kw>
<kw name="Wait Until Element Is Visible" library="SeleniumLibrary">
<arg>id=nome</arg>
<doc>Waits until the element ``locator`` is visible.</doc>
<status status="PASS" starttime="20230307 18:46:16.763" endtime="20230307 18:46:16.781"/>
</kw>
<kw name="Input Text" library="SeleniumLibrary">
<arg>id=nome</arg>
<arg>${nome}</arg>
<doc>Types the given ``text`` into the text field identified by ``locator``.</doc>
<msg timestamp="20230307 18:46:16.781" level="INFO">Typing text 'Raiane Barriga' into text field 'id=nome'.</msg>
<status status="PASS" starttime="20230307 18:46:16.781" endtime="20230307 18:46:16.823"/>
</kw>
<kw name="Input Text" library="SeleniumLibrary">
<arg>id=email</arg>
<arg>${email}</arg>
<doc>Types the given ``text`` into the text field identified by ``locator``.</doc>
<msg timestamp="20230307 18:46:16.824" level="INFO">Typing text 'email304@teste.com' into text field 'id=email'.</msg>
<status status="PASS" starttime="20230307 18:46:16.823" endtime="20230307 18:46:16.871"/>
</kw>
<kw name="Input Password" library="SeleniumLibrary">
<arg>id=senha</arg>
<arg>${senha}</arg>
<doc>Types the given password into the text field identified by ``locator``.</doc>
<msg timestamp="20230307 18:46:16.872" level="INFO">Typing password into text field 'id=senha'.</msg>
<msg timestamp="20230307 18:46:16.893" level="INFO">Temporally setting log level to: NONE</msg>
<msg timestamp="20230307 18:46:16.926" level="INFO">Log level changed from NONE to INFO.</msg>
<status status="PASS" starttime="20230307 18:46:16.872" endtime="20230307 18:46:16.926"/>
</kw>
<kw name="Click Element" library="SeleniumLibrary">
<arg>xpath=/html/body/div[2]/form/input</arg>
<doc>Click the element identified by ``locator``.</doc>
<msg timestamp="20230307 18:46:16.926" level="INFO">Clicking element 'xpath=/html/body/div[2]/form/input'.</msg>
<status status="PASS" starttime="20230307 18:46:16.926" endtime="20230307 18:46:17.491"/>
</kw>
<kw name="Element Text Should Be" library="SeleniumLibrary">
<arg>css=.alert-success</arg>
<arg>${msgSucesso}</arg>
<doc>Verifies that element ``locator`` contains exact the text ``expected``.</doc>
<msg timestamp="20230307 18:46:17.492" level="INFO">Verifying element 'css=.alert-success' contains exact text 'Usuário inserido com sucesso'.</msg>
<status status="PASS" starttime="20230307 18:46:17.491" endtime="20230307 18:46:17.509"/>
</kw>
<status status="PASS" starttime="20230307 18:46:14.396" endtime="20230307 18:46:17.509"/>
</kw>
<status status="PASS" starttime="20230307 18:46:14.396" endtime="20230307 18:46:17.510"/>
</test>
<test id="s1-t3" name="Realizando Login" line="48">
<kw name="Login">
<kw name="Open Browser" library="SeleniumLibrary">
<arg>${url}</arg>
<arg>${navegador}</arg>
<doc>Opens a new browser instance to the optional ``url``.</doc>
<msg timestamp="20230307 18:46:17.511" level="INFO">Opening browser 'chrome' to base url 'https://seubarriga.wcaquino.me/login'.</msg>
<status status="PASS" starttime="20230307 18:46:17.511" endtime="20230307 18:46:19.456"/>
</kw>
<kw name="Maximize Browser Window" library="SeleniumLibrary">
<doc>Maximizes current browser window.</doc>
<status status="PASS" starttime="20230307 18:46:19.456" endtime="20230307 18:46:19.578"/>
</kw>
<kw name="Input Text" library="SeleniumLibrary">
<arg>id=email</arg>
<arg>${email}</arg>
<doc>Types the given ``text`` into the text field identified by ``locator``.</doc>
<msg timestamp="20230307 18:46:19.578" level="INFO">Typing text 'email304@teste.com' into text field 'id=email'.</msg>
<status status="PASS" starttime="20230307 18:46:19.578" endtime="20230307 18:46:19.634"/>
</kw>
<kw name="Input Password" library="SeleniumLibrary">
<arg>id=senha</arg>
<arg>${senha}</arg>
<doc>Types the given password into the text field identified by ``locator``.</doc>
<msg timestamp="20230307 18:46:19.634" level="INFO">Typing password into text field 'id=senha'.</msg>
<msg timestamp="20230307 18:46:19.655" level="INFO">Temporally setting log level to: NONE</msg>
<msg timestamp="20230307 18:46:19.680" level="INFO">Log level changed from NONE to INFO.</msg>
<status status="PASS" starttime="20230307 18:46:19.634" endtime="20230307 18:46:19.680"/>
</kw>
<kw name="Click Button" library="SeleniumLibrary">
<arg>xpath=//button[text()='Entrar']</arg>
<doc>Clicks the button identified by ``locator``.</doc>
<msg timestamp="20230307 18:46:19.680" level="INFO">Clicking button 'xpath=//button[text()='Entrar']'.</msg>
<status status="PASS" starttime="20230307 18:46:19.680" endtime="20230307 18:46:20.405"/>
</kw>
<kw name="Element Text Should Be" library="SeleniumLibrary">
<arg>css=.alert-success</arg>
<arg>${msgLogin}</arg>
<doc>Verifies that element ``locator`` contains exact the text ``expected``.</doc>
<msg timestamp="20230307 18:46:20.405" level="INFO">Verifying element 'css=.alert-success' contains exact text 'Bem vindo, Jonathan teste!'.</msg>
<msg timestamp="20230307 18:46:20.585" level="INFO" html="true">&lt;/td&gt;&lt;/tr&gt;&lt;tr&gt;&lt;td colspan="3"&gt;&lt;a href="selenium-screenshot-4.png"&gt;&lt;img src="selenium-screenshot-4.png" width="800px"&gt;&lt;/a&gt;</msg>
<msg timestamp="20230307 18:46:20.585" level="FAIL">The text of element 'css=.alert-success' should have been 'Bem vindo, Jonathan teste!' but it was 'Bem vindo, Raiane Barriga!'.</msg>
<status status="FAIL" starttime="20230307 18:46:20.405" endtime="20230307 18:46:20.586"/>
</kw>
<status status="FAIL" starttime="20230307 18:46:17.510" endtime="20230307 18:46:20.586"/>
</kw>
<status status="FAIL" starttime="20230307 18:46:17.510" endtime="20230307 18:46:20.586">The text of element 'css=.alert-success' should have been 'Bem vindo, Jonathan teste!' but it was 'Bem vindo, Raiane Barriga!'.</status>
</test>
<doc>Robot Framework Sem Complicação</doc>
<status status="FAIL" starttime="20230307 18:46:12.191" endtime="20230307 18:46:20.587"/>
</suite>
<statistics>
<total>
<stat pass="2" fail="1" skip="0">All Tests</stat>
</total>
<tag>
</tag>
<suite>
<stat pass="2" fail="1" skip="0" id="s1" name="seuBarriga">seuBarriga</stat>
</suite>
</statistics>
<errors>
</errors>
</robot>
